npm warn Unknown env config "http-proxy". This will stop working in the next major version of npm.

> go:no-go
> ./scripts/go-no-go-gate.sh https://tdealer01-crypto-dsg-control-plane.vercel.app

== Trust surface checks for https://tdealer01-crypto-dsg-control-plane.vercel.app ==
curl: (56) CONNECT tunnel failed, response 403
❌ /terms -> HTTP 000
curl: (56) CONNECT tunnel failed, response 403
❌ /privacy -> HTTP 000
curl: (56) CONNECT tunnel failed, response 403
❌ /security -> HTTP 000
curl: (56) CONNECT tunnel failed, response 403
❌ /support -> HTTP 000
== Runtime baseline checks ==
curl: (56) CONNECT tunnel failed, response 403
❌ /api/health -> HTTP 000
curl: (56) CONNECT tunnel failed, response 403
❌ /api/readiness -> HTTP 000
== User-flow audit gate (Playwright) ==
npm warn Unknown env config "http-proxy". This will stop working in the next major version of npm.

Running 1 test using 1 worker

  -  1 [chromium] › tests/e2e/finance-governance-live-supabase.spec.ts:24:7 › finance governance live e2e against supabase › submit -> approve persists to Supabase, updates UI, and writes audit evidence

  1 skipped
✅ user-flow audit passed
✅ No legacy /api/finance-governance/server-store callers found
GO/NO-GO RESULT: NO-GO (6 failing checks)
